#! /usr/bin/vvp
:ivl_version "11.0 (stable)" "(v11_0)";
:ivl_delay_selection "TYPICAL";
:vpi_time_precision + 0;
:vpi_module "/usr/lib/ivl/system.vpi";
:vpi_module "/usr/lib/ivl/vhdl_sys.vpi";
:vpi_module "/usr/lib/ivl/vhdl_textio.vpi";
:vpi_module "/usr/lib/ivl/v2005_math.vpi";
:vpi_module "/usr/lib/ivl/va_math.vpi";
:vpi_module "/usr/lib/ivl/v2009.vpi";
S_0x5595224b21b0 .scope package, "$unit" "$unit" 2 1;
 .timescale 0 0;
S_0x5595224bf440 .scope module, "crabcore" "crabcore" 3 1;
 .timescale 0 0;
    .port_info 0 /INPUT 1 "clk";
    .port_info 1 /INPUT 1 "reset";
    .port_info 2 /OUTPUT 1 "mem_addr_valid";
    .port_info 3 /OUTPUT 32 "mem_addr";
    .port_info 4 /OUTPUT 1 "mem_data_valid";
    .port_info 5 /OUTPUT 32 "mem_data";
    .port_info 6 /INPUT 1 "mem_ready";
    .port_info 7 /INPUT 32 "mem_input";
    .port_info 8 /OUTPUT 1024 "registers_debug";
o0x7f2377fb4018 .functor BUFZ 1, C4<z>; HiZ drive
v0x5595224cc900_0 .net "clk", 0 0, o0x7f2377fb4018;  0 drivers
v0x5595224cd030_0 .var "current_instruction", 31 0;
v0x5595224cd760_0 .var/i "i", 31 0;
v0x5595224cde90_0 .var "mem_addr", 31 0;
v0x5595224ce5c0_0 .var "mem_addr_valid", 0 0;
v0x5595224cecf0_0 .var "mem_data", 31 0;
v0x5595224cf420_0 .var "mem_data_valid", 0 0;
o0x7f2377fb4168 .functor BUFZ 32, C4<zzzzzzzzzzzzzzzzzzzzzzzzzzzzzzzz>; HiZ drive
v0x5595224eeef0_0 .net "mem_input", 31 0, o0x7f2377fb4168;  0 drivers
o0x7f2377fb4198 .functor BUFZ 1, C4<z>; HiZ drive
v0x5595224eefd0_0 .net "mem_ready", 0 0, o0x7f2377fb4198;  0 drivers
v0x5595224ef090_0 .net "opcode", 6 0, L_0x5595225039d0;  1 drivers
v0x5595224ef170_0 .var "program_counter", 31 0;
L_0x7f2377f6b018 .functor BUFT 1, C4<00000000000000000000000000000000>, C4<0>, C4<0>, C4<0>;
v0x5595224ef250 .array "register_out", 0 31;
v0x5595224ef250_0 .net v0x5595224ef250 0, 31 0, L_0x7f2377f6b018; 1 drivers
v0x5595224ef820_1 .array/port v0x5595224ef820, 1;
v0x5595224ef250_1 .net v0x5595224ef250 1, 31 0, v0x5595224ef820_1; 1 drivers
v0x5595224ef820_2 .array/port v0x5595224ef820, 2;
v0x5595224ef250_2 .net v0x5595224ef250 2, 31 0, v0x5595224ef820_2; 1 drivers
v0x5595224ef820_3 .array/port v0x5595224ef820, 3;
v0x5595224ef250_3 .net v0x5595224ef250 3, 31 0, v0x5595224ef820_3; 1 drivers
v0x5595224ef820_4 .array/port v0x5595224ef820, 4;
v0x5595224ef250_4 .net v0x5595224ef250 4, 31 0, v0x5595224ef820_4; 1 drivers
v0x5595224ef820_5 .array/port v0x5595224ef820, 5;
v0x5595224ef250_5 .net v0x5595224ef250 5, 31 0, v0x5595224ef820_5; 1 drivers
v0x5595224ef820_6 .array/port v0x5595224ef820, 6;
v0x5595224ef250_6 .net v0x5595224ef250 6, 31 0, v0x5595224ef820_6; 1 drivers
v0x5595224ef820_7 .array/port v0x5595224ef820, 7;
v0x5595224ef250_7 .net v0x5595224ef250 7, 31 0, v0x5595224ef820_7; 1 drivers
v0x5595224ef820_8 .array/port v0x5595224ef820, 8;
v0x5595224ef250_8 .net v0x5595224ef250 8, 31 0, v0x5595224ef820_8; 1 drivers
v0x5595224ef820_9 .array/port v0x5595224ef820, 9;
v0x5595224ef250_9 .net v0x5595224ef250 9, 31 0, v0x5595224ef820_9; 1 drivers
v0x5595224ef820_10 .array/port v0x5595224ef820, 10;
v0x5595224ef250_10 .net v0x5595224ef250 10, 31 0, v0x5595224ef820_10; 1 drivers
v0x5595224ef820_11 .array/port v0x5595224ef820, 11;
v0x5595224ef250_11 .net v0x5595224ef250 11, 31 0, v0x5595224ef820_11; 1 drivers
v0x5595224ef820_12 .array/port v0x5595224ef820, 12;
v0x5595224ef250_12 .net v0x5595224ef250 12, 31 0, v0x5595224ef820_12; 1 drivers
v0x5595224ef820_13 .array/port v0x5595224ef820, 13;
v0x5595224ef250_13 .net v0x5595224ef250 13, 31 0, v0x5595224ef820_13; 1 drivers
v0x5595224ef820_14 .array/port v0x5595224ef820, 14;
v0x5595224ef250_14 .net v0x5595224ef250 14, 31 0, v0x5595224ef820_14; 1 drivers
v0x5595224ef820_15 .array/port v0x5595224ef820, 15;
v0x5595224ef250_15 .net v0x5595224ef250 15, 31 0, v0x5595224ef820_15; 1 drivers
v0x5595224ef820_16 .array/port v0x5595224ef820, 16;
v0x5595224ef250_16 .net v0x5595224ef250 16, 31 0, v0x5595224ef820_16; 1 drivers
v0x5595224ef820_17 .array/port v0x5595224ef820, 17;
v0x5595224ef250_17 .net v0x5595224ef250 17, 31 0, v0x5595224ef820_17; 1 drivers
v0x5595224ef820_18 .array/port v0x5595224ef820, 18;
v0x5595224ef250_18 .net v0x5595224ef250 18, 31 0, v0x5595224ef820_18; 1 drivers
v0x5595224ef820_19 .array/port v0x5595224ef820, 19;
v0x5595224ef250_19 .net v0x5595224ef250 19, 31 0, v0x5595224ef820_19; 1 drivers
v0x5595224ef820_20 .array/port v0x5595224ef820, 20;
v0x5595224ef250_20 .net v0x5595224ef250 20, 31 0, v0x5595224ef820_20; 1 drivers
v0x5595224ef820_21 .array/port v0x5595224ef820, 21;
v0x5595224ef250_21 .net v0x5595224ef250 21, 31 0, v0x5595224ef820_21; 1 drivers
v0x5595224ef820_22 .array/port v0x5595224ef820, 22;
v0x5595224ef250_22 .net v0x5595224ef250 22, 31 0, v0x5595224ef820_22; 1 drivers
v0x5595224ef820_23 .array/port v0x5595224ef820, 23;
v0x5595224ef250_23 .net v0x5595224ef250 23, 31 0, v0x5595224ef820_23; 1 drivers
v0x5595224ef820_24 .array/port v0x5595224ef820, 24;
v0x5595224ef250_24 .net v0x5595224ef250 24, 31 0, v0x5595224ef820_24; 1 drivers
v0x5595224ef820_25 .array/port v0x5595224ef820, 25;
v0x5595224ef250_25 .net v0x5595224ef250 25, 31 0, v0x5595224ef820_25; 1 drivers
v0x5595224ef820_26 .array/port v0x5595224ef820, 26;
v0x5595224ef250_26 .net v0x5595224ef250 26, 31 0, v0x5595224ef820_26; 1 drivers
v0x5595224ef820_27 .array/port v0x5595224ef820, 27;
v0x5595224ef250_27 .net v0x5595224ef250 27, 31 0, v0x5595224ef820_27; 1 drivers
v0x5595224ef820_28 .array/port v0x5595224ef820, 28;
v0x5595224ef250_28 .net v0x5595224ef250 28, 31 0, v0x5595224ef820_28; 1 drivers
v0x5595224ef820_29 .array/port v0x5595224ef820, 29;
v0x5595224ef250_29 .net v0x5595224ef250 29, 31 0, v0x5595224ef820_29; 1 drivers
v0x5595224ef820_30 .array/port v0x5595224ef820, 30;
v0x5595224ef250_30 .net v0x5595224ef250 30, 31 0, v0x5595224ef820_30; 1 drivers
v0x5595224ef820_31 .array/port v0x5595224ef820, 31;
v0x5595224ef250_31 .net v0x5595224ef250 31, 31 0, v0x5595224ef820_31; 1 drivers
v0x5595224ef820 .array "registers", 0 31, 31 0;
v0x5595224efdf0 .array "registers_debug", 0 31;
v0x5595224efdf0_0 .net v0x5595224efdf0 0, 31 0, L_0x5595224f1da0; 1 drivers
v0x5595224efdf0_1 .net v0x5595224efdf0 1, 31 0, L_0x5595224f1e70; 1 drivers
v0x5595224efdf0_2 .net v0x5595224efdf0 2, 31 0, L_0x5595224f1f10; 1 drivers
v0x5595224efdf0_3 .net v0x5595224efdf0 3, 31 0, L_0x5595224f1ff0; 1 drivers
v0x5595224efdf0_4 .net v0x5595224efdf0 4, 31 0, L_0x5595224f20d0; 1 drivers
v0x5595224efdf0_5 .net v0x5595224efdf0 5, 31 0, L_0x5595224f21b0; 1 drivers
v0x5595224efdf0_6 .net v0x5595224efdf0 6, 31 0, L_0x5595224f2290; 1 drivers
v0x5595224efdf0_7 .net v0x5595224efdf0 7, 31 0, L_0x5595224f2370; 1 drivers
v0x5595224efdf0_8 .net v0x5595224efdf0 8, 31 0, L_0x5595224f2450; 1 drivers
v0x5595224efdf0_9 .net v0x5595224efdf0 9, 31 0, L_0x5595224f2530; 1 drivers
v0x5595224efdf0_10 .net v0x5595224efdf0 10, 31 0, L_0x5595224f2610; 1 drivers
v0x5595224efdf0_11 .net v0x5595224efdf0 11, 31 0, L_0x5595224f26f0; 1 drivers
v0x5595224efdf0_12 .net v0x5595224efdf0 12, 31 0, L_0x5595224f27d0; 1 drivers
v0x5595224efdf0_13 .net v0x5595224efdf0 13, 31 0, L_0x5595224f28b0; 1 drivers
v0x5595224efdf0_14 .net v0x5595224efdf0 14, 31 0, L_0x5595224f2990; 1 drivers
v0x5595224efdf0_15 .net v0x5595224efdf0 15, 31 0, L_0x5595224f2a70; 1 drivers
v0x5595224efdf0_16 .net v0x5595224efdf0 16, 31 0, L_0x5595224f2b50; 1 drivers
v0x5595224efdf0_17 .net v0x5595224efdf0 17, 31 0, L_0x5595224f2c30; 1 drivers
v0x5595224efdf0_18 .net v0x5595224efdf0 18, 31 0, L_0x5595224f2d10; 1 drivers
v0x5595224efdf0_19 .net v0x5595224efdf0 19, 31 0, L_0x5595224f2df0; 1 drivers
v0x5595224efdf0_20 .net v0x5595224efdf0 20, 31 0, L_0x5595224f2ed0; 1 drivers
v0x5595224efdf0_21 .net v0x5595224efdf0 21, 31 0, L_0x5595224f2fb0; 1 drivers
v0x5595224efdf0_22 .net v0x5595224efdf0 22, 31 0, L_0x5595224f3090; 1 drivers
v0x5595224efdf0_23 .net v0x5595224efdf0 23, 31 0, L_0x5595224f3170; 1 drivers
v0x5595224efdf0_24 .net v0x5595224efdf0 24, 31 0, L_0x5595224f3250; 1 drivers
v0x5595224efdf0_25 .net v0x5595224efdf0 25, 31 0, L_0x5595224f3330; 1 drivers
v0x5595224efdf0_26 .net v0x5595224efdf0 26, 31 0, L_0x5595224f3410; 1 drivers
v0x5595224efdf0_27 .net v0x5595224efdf0 27, 31 0, L_0x5595224f34f0; 1 drivers
v0x5595224efdf0_28 .net v0x5595224efdf0 28, 31 0, L_0x5595224f35d0; 1 drivers
v0x5595224efdf0_29 .net v0x5595224efdf0 29, 31 0, L_0x5595224f36b0; 1 drivers
v0x5595224efdf0_30 .net v0x5595224efdf0 30, 31 0, L_0x5595224f3790; 1 drivers
v0x5595224efdf0_31 .net v0x5595224efdf0 31, 31 0, L_0x5595224f3870; 1 drivers
o0x7f2377fb5428 .functor BUFZ 1, C4<z>; HiZ drive
v0x5595224f03c0_0 .net "reset", 0 0, o0x7f2377fb5428;  0 drivers
E_0x5595224863e0 .event posedge, v0x5595224cc900_0;
L_0x5595225039d0 .part v0x5595224cd030_0, 0, 7;
S_0x5595224bfba0 .scope generate, "genblk1[1]" "genblk1[1]" 3 25, 3 25 0, S_0x5595224bf440;
 .timescale 0 0;
P_0x5595224c1c80 .param/l "c" 0 3 25, +C4<01>;
S_0x5595224c0300 .scope generate, "genblk1[2]" "genblk1[2]" 3 25, 3 25 0, S_0x5595224bf440;
 .timescale 0 0;
P_0x5595224c0660 .param/l "c" 0 3 25, +C4<010>;
S_0x5595224c0a60 .scope generate, "genblk1[3]" "genblk1[3]" 3 25, 3 25 0, S_0x5595224bf440;
 .timescale 0 0;
P_0x5595224bf040 .param/l "c" 0 3 25, +C4<011>;
S_0x5595224c11c0 .scope generate, "genblk1[4]" "genblk1[4]" 3 25, 3 25 0, S_0x5595224bf440;
 .timescale 0 0;
P_0x5595224bda20 .param/l "c" 0 3 25, +C4<0100>;
S_0x5595224c1920 .scope generate, "genblk1[5]" "genblk1[5]" 3 25, 3 25 0, S_0x5595224bf440;
 .timescale 0 0;
P_0x5595224bbca0 .param/l "c" 0 3 25, +C4<0101>;
S_0x5595224c2080 .scope generate, "genblk1[6]" "genblk1[6]" 3 25, 3 25 0, S_0x5595224bf440;
 .timescale 0 0;
P_0x5595224ba680 .param/l "c" 0 3 25, +C4<0110>;
S_0x5595224bece0 .scope generate, "genblk1[7]" "genblk1[7]" 3 25, 3 25 0, S_0x5595224bf440;
 .timescale 0 0;
P_0x5595224b9060 .param/l "c" 0 3 25, +C4<0111>;
S_0x5595224bb940 .scope generate, "genblk1[8]" "genblk1[8]" 3 25, 3 25 0, S_0x5595224bf440;
 .timescale 0 0;
P_0x5595224b7a40 .param/l "c" 0 3 25, +C4<01000>;
S_0x5595224bc0a0 .scope generate, "genblk1[9]" "genblk1[9]" 3 25, 3 25 0, S_0x5595224bf440;
 .timescale 0 0;
P_0x5595224bc400 .param/l "c" 0 3 25, +C4<01001>;
S_0x5595224bc800 .scope generate, "genblk1[10]" "genblk1[10]" 3 25, 3 25 0, S_0x5595224bf440;
 .timescale 0 0;
P_0x5595224b5680 .param/l "c" 0 3 25, +C4<01010>;
S_0x5595224bcf60 .scope generate, "genblk1[11]" "genblk1[11]" 3 25, 3 25 0, S_0x5595224bf440;
 .timescale 0 0;
P_0x5595224ad9c0 .param/l "c" 0 3 25, +C4<01011>;
S_0x5595224bd6c0 .scope generate, "genblk1[12]" "genblk1[12]" 3 25, 3 25 0, S_0x5595224bf440;
 .timescale 0 0;
P_0x5595224ab140 .param/l "c" 0 3 25, +C4<01100>;
S_0x5595224bde20 .scope generate, "genblk1[13]" "genblk1[13]" 3 25, 3 25 0, S_0x5595224bf440;
 .timescale 0 0;
P_0x5595224ac3a0 .param/l "c" 0 3 25, +C4<01101>;
S_0x5595224be580 .scope generate, "genblk1[14]" "genblk1[14]" 3 25, 3 25 0, S_0x5595224bf440;
 .timescale 0 0;
P_0x5595224ad670 .param/l "c" 0 3 25, +C4<01110>;
S_0x5595224bb1e0 .scope generate, "genblk1[15]" "genblk1[15]" 3 25, 3 25 0, S_0x5595224bf440;
 .timescale 0 0;
P_0x5595224ad2f0 .param/l "c" 0 3 25, +C4<01111>;
S_0x5595224b7e40 .scope generate, "genblk1[16]" "genblk1[16]" 3 25, 3 25 0, S_0x5595224bf440;
 .timescale 0 0;
P_0x5595224cbaa0 .param/l "c" 0 3 25, +C4<010000>;
S_0x5595224b85a0 .scope generate, "genblk1[17]" "genblk1[17]" 3 25, 3 25 0, S_0x5595224bf440;
 .timescale 0 0;
P_0x5595224cac40 .param/l "c" 0 3 25, +C4<010001>;
S_0x5595224b8d00 .scope generate, "genblk1[18]" "genblk1[18]" 3 25, 3 25 0, S_0x5595224bf440;
 .timescale 0 0;
P_0x5595224c9de0 .param/l "c" 0 3 25, +C4<010010>;
S_0x5595224b9460 .scope generate, "genblk1[19]" "genblk1[19]" 3 25, 3 25 0, S_0x5595224bf440;
 .timescale 0 0;
P_0x5595224c8f80 .param/l "c" 0 3 25, +C4<010011>;
S_0x5595224b9bc0 .scope generate, "genblk1[20]" "genblk1[20]" 3 25, 3 25 0, S_0x5595224bf440;
 .timescale 0 0;
P_0x5595224c8120 .param/l "c" 0 3 25, +C4<010100>;
S_0x5595224ba320 .scope generate, "genblk1[21]" "genblk1[21]" 3 25, 3 25 0, S_0x5595224bf440;
 .timescale 0 0;
P_0x5595224c72c0 .param/l "c" 0 3 25, +C4<010101>;
S_0x5595224baa80 .scope generate, "genblk1[22]" "genblk1[22]" 3 25, 3 25 0, S_0x5595224bf440;
 .timescale 0 0;
P_0x5595224c6460 .param/l "c" 0 3 25, +C4<010110>;
S_0x5595224b76e0 .scope generate, "genblk1[23]" "genblk1[23]" 3 25, 3 25 0, S_0x5595224bf440;
 .timescale 0 0;
P_0x5595224c5600 .param/l "c" 0 3 25, +C4<010111>;
S_0x5595224b5320 .scope generate, "genblk1[24]" "genblk1[24]" 3 25, 3 25 0, S_0x5595224bf440;
 .timescale 0 0;
P_0x5595224c47a0 .param/l "c" 0 3 25, +C4<011000>;
S_0x5595224b59f0 .scope generate, "genblk1[25]" "genblk1[25]" 3 25, 3 25 0, S_0x5595224bf440;
 .timescale 0 0;
P_0x5595224c3940 .param/l "c" 0 3 25, +C4<011001>;
S_0x5595224b60c0 .scope generate, "genblk1[26]" "genblk1[26]" 3 25, 3 25 0, S_0x5595224bf440;
 .timescale 0 0;
P_0x5595224c2ae0 .param/l "c" 0 3 25, +C4<011010>;
S_0x5595224b6820 .scope generate, "genblk1[27]" "genblk1[27]" 3 25, 3 25 0, S_0x5595224bf440;
 .timescale 0 0;
P_0x5595224b6620 .param/l "c" 0 3 25, +C4<011011>;
S_0x5595224b6f80 .scope generate, "genblk1[28]" "genblk1[28]" 3 25, 3 25 0, S_0x5595224bf440;
 .timescale 0 0;
P_0x5595224b6dd0 .param/l "c" 0 3 25, +C4<011100>;
S_0x5595224aa9b0 .scope generate, "genblk1[29]" "genblk1[29]" 3 25, 3 25 0, S_0x5595224bf440;
 .timescale 0 0;
P_0x5595224aabb0 .param/l "c" 0 3 25, +C4<011101>;
S_0x5595224aac90 .scope generate, "genblk1[30]" "genblk1[30]" 3 25, 3 25 0, S_0x5595224bf440;
 .timescale 0 0;
P_0x5595224b74e0 .param/l "c" 0 3 25, +C4<011110>;
S_0x5595224d1e60 .scope generate, "genblk1[31]" "genblk1[31]" 3 25, 3 25 0, S_0x5595224bf440;
 .timescale 0 0;
P_0x5595224b7c90 .param/l "c" 0 3 25, +C4<011111>;
S_0x5595224d1ff0 .scope generate, "genblk2[0]" "genblk2[0]" 3 30, 3 30 0, S_0x5595224bf440;
 .timescale 0 0;
P_0x5595224b8410 .param/l "c" 0 3 30, +C4<00>;
L_0x5595224f1da0 .functor BUFZ 32, L_0x7f2377f6b018, C4<00000000000000000000000000000000>, C4<00000000000000000000000000000000>, C4<00000000000000000000000000000000>;
S_0x5595224d2180 .scope generate, "genblk2[1]" "genblk2[1]" 3 30, 3 30 0, S_0x5595224bf440;
 .timescale 0 0;
P_0x5595224b8b50 .param/l "c" 0 3 30, +C4<01>;
L_0x5595224f1e70 .functor BUFZ 32, v0x5595224ef820_1, C4<00000000000000000000000000000000>, C4<00000000000000000000000000000000>, C4<00000000000000000000000000000000>;
S_0x5595224d2520 .scope generate, "genblk2[2]" "genblk2[2]" 3 30, 3 30 0, S_0x5595224bf440;
 .timescale 0 0;
P_0x5595224b92b0 .param/l "c" 0 3 30, +C4<010>;
L_0x5595224f1f10 .functor BUFZ 32, v0x5595224ef820_2, C4<00000000000000000000000000000000>, C4<00000000000000000000000000000000>, C4<00000000000000000000000000000000>;
S_0x5595224d26b0 .scope generate, "genblk2[3]" "genblk2[3]" 3 30, 3 30 0, S_0x5595224bf440;
 .timescale 0 0;
P_0x5595224b9a10 .param/l "c" 0 3 30, +C4<011>;
L_0x5595224f1ff0 .functor BUFZ 32, v0x5595224ef820_3, C4<00000000000000000000000000000000>, C4<00000000000000000000000000000000>, C4<00000000000000000000000000000000>;
S_0x5595224d2840 .scope generate, "genblk2[4]" "genblk2[4]" 3 30, 3 30 0, S_0x5595224bf440;
 .timescale 0 0;
P_0x5595224ba170 .param/l "c" 0 3 30, +C4<0100>;
L_0x5595224f20d0 .functor BUFZ 32, v0x5595224ef820_4, C4<00000000000000000000000000000000>, C4<00000000000000000000000000000000>, C4<00000000000000000000000000000000>;
S_0x5595224d29d0 .scope generate, "genblk2[5]" "genblk2[5]" 3 30, 3 30 0, S_0x5595224bf440;
 .timescale 0 0;
P_0x5595224ba8d0 .param/l "c" 0 3 30, +C4<0101>;
L_0x5595224f21b0 .functor BUFZ 32, v0x5595224ef820_5, C4<00000000000000000000000000000000>, C4<00000000000000000000000000000000>, C4<00000000000000000000000000000000>;
S_0x5595224d2b60 .scope generate, "genblk2[6]" "genblk2[6]" 3 30, 3 30 0, S_0x5595224bf440;
 .timescale 0 0;
P_0x5595224bb030 .param/l "c" 0 3 30, +C4<0110>;
L_0x5595224f2290 .functor BUFZ 32, v0x5595224ef820_6, C4<00000000000000000000000000000000>, C4<00000000000000000000000000000000>, C4<00000000000000000000000000000000>;
S_0x5595224d2cf0 .scope generate, "genblk2[7]" "genblk2[7]" 3 30, 3 30 0, S_0x5595224bf440;
 .timescale 0 0;
P_0x5595224bb790 .param/l "c" 0 3 30, +C4<0111>;
L_0x5595224f2370 .functor BUFZ 32, v0x5595224ef820_7, C4<00000000000000000000000000000000>, C4<00000000000000000000000000000000>, C4<00000000000000000000000000000000>;
S_0x5595224d2e80 .scope generate, "genblk2[8]" "genblk2[8]" 3 30, 3 30 0, S_0x5595224bf440;
 .timescale 0 0;
P_0x5595224bbef0 .param/l "c" 0 3 30, +C4<01000>;
L_0x5595224f2450 .functor BUFZ 32, v0x5595224ef820_8, C4<00000000000000000000000000000000>, C4<00000000000000000000000000000000>, C4<00000000000000000000000000000000>;
S_0x5595224d3010 .scope generate, "genblk2[9]" "genblk2[9]" 3 30, 3 30 0, S_0x5595224bf440;
 .timescale 0 0;
P_0x5595224bc650 .param/l "c" 0 3 30, +C4<01001>;
L_0x5595224f2530 .functor BUFZ 32, v0x5595224ef820_9, C4<00000000000000000000000000000000>, C4<00000000000000000000000000000000>, C4<00000000000000000000000000000000>;
S_0x5595224d31a0 .scope generate, "genblk2[10]" "genblk2[10]" 3 30, 3 30 0, S_0x5595224bf440;
 .timescale 0 0;
P_0x5595224bcdb0 .param/l "c" 0 3 30, +C4<01010>;
L_0x5595224f2610 .functor BUFZ 32, v0x5595224ef820_10, C4<00000000000000000000000000000000>, C4<00000000000000000000000000000000>, C4<00000000000000000000000000000000>;
S_0x5595224d3330 .scope generate, "genblk2[11]" "genblk2[11]" 3 30, 3 30 0, S_0x5595224bf440;
 .timescale 0 0;
P_0x5595224bd510 .param/l "c" 0 3 30, +C4<01011>;
L_0x5595224f26f0 .functor BUFZ 32, v0x5595224ef820_11, C4<00000000000000000000000000000000>, C4<00000000000000000000000000000000>, C4<00000000000000000000000000000000>;
S_0x5595224d34c0 .scope generate, "genblk2[12]" "genblk2[12]" 3 30, 3 30 0, S_0x5595224bf440;
 .timescale 0 0;
P_0x5595224bdc70 .param/l "c" 0 3 30, +C4<01100>;
L_0x5595224f27d0 .functor BUFZ 32, v0x5595224ef820_12, C4<00000000000000000000000000000000>, C4<00000000000000000000000000000000>, C4<00000000000000000000000000000000>;
S_0x5595224d3650 .scope generate, "genblk2[13]" "genblk2[13]" 3 30, 3 30 0, S_0x5595224bf440;
 .timescale 0 0;
P_0x5595224be3d0 .param/l "c" 0 3 30, +C4<01101>;
L_0x5595224f28b0 .functor BUFZ 32, v0x5595224ef820_13, C4<00000000000000000000000000000000>, C4<00000000000000000000000000000000>, C4<00000000000000000000000000000000>;
S_0x5595224d37e0 .scope generate, "genblk2[14]" "genblk2[14]" 3 30, 3 30 0, S_0x5595224bf440;
 .timescale 0 0;
P_0x5595224beb30 .param/l "c" 0 3 30, +C4<01110>;
L_0x5595224f2990 .functor BUFZ 32, v0x5595224ef820_14, C4<00000000000000000000000000000000>, C4<00000000000000000000000000000000>, C4<00000000000000000000000000000000>;
S_0x5595224d3970 .scope generate, "genblk2[15]" "genblk2[15]" 3 30, 3 30 0, S_0x5595224bf440;
 .timescale 0 0;
P_0x5595224bf290 .param/l "c" 0 3 30, +C4<01111>;
L_0x5595224f2a70 .functor BUFZ 32, v0x5595224ef820_15, C4<00000000000000000000000000000000>, C4<00000000000000000000000000000000>, C4<00000000000000000000000000000000>;
S_0x5595224d3b00 .scope generate, "genblk2[16]" "genblk2[16]" 3 30, 3 30 0, S_0x5595224bf440;
 .timescale 0 0;
P_0x5595224bf9f0 .param/l "c" 0 3 30, +C4<010000>;
L_0x5595224f2b50 .functor BUFZ 32, v0x5595224ef820_16, C4<00000000000000000000000000000000>, C4<00000000000000000000000000000000>, C4<00000000000000000000000000000000>;
S_0x5595224d3c90 .scope generate, "genblk2[17]" "genblk2[17]" 3 30, 3 30 0, S_0x5595224bf440;
 .timescale 0 0;
P_0x5595224c0150 .param/l "c" 0 3 30, +C4<010001>;
L_0x5595224f2c30 .functor BUFZ 32, v0x5595224ef820_17, C4<00000000000000000000000000000000>, C4<00000000000000000000000000000000>, C4<00000000000000000000000000000000>;
S_0x5595224d3e20 .scope generate, "genblk2[18]" "genblk2[18]" 3 30, 3 30 0, S_0x5595224bf440;
 .timescale 0 0;
P_0x5595224c08b0 .param/l "c" 0 3 30, +C4<010010>;
L_0x5595224f2d10 .functor BUFZ 32, v0x5595224ef820_18, C4<00000000000000000000000000000000>, C4<00000000000000000000000000000000>, C4<00000000000000000000000000000000>;
S_0x5595224d3fb0 .scope generate, "genblk2[19]" "genblk2[19]" 3 30, 3 30 0, S_0x5595224bf440;
 .timescale 0 0;
P_0x5595224c1010 .param/l "c" 0 3 30, +C4<010011>;
L_0x5595224f2df0 .functor BUFZ 32, v0x5595224ef820_19, C4<00000000000000000000000000000000>, C4<00000000000000000000000000000000>, C4<00000000000000000000000000000000>;
S_0x5595224d4140 .scope generate, "genblk2[20]" "genblk2[20]" 3 30, 3 30 0, S_0x5595224bf440;
 .timescale 0 0;
P_0x5595224c1770 .param/l "c" 0 3 30, +C4<010100>;
L_0x5595224f2ed0 .functor BUFZ 32, v0x5595224ef820_20, C4<00000000000000000000000000000000>, C4<00000000000000000000000000000000>, C4<00000000000000000000000000000000>;
S_0x5595224d42d0 .scope generate, "genblk2[21]" "genblk2[21]" 3 30, 3 30 0, S_0x5595224bf440;
 .timescale 0 0;
P_0x5595224c1ed0 .param/l "c" 0 3 30, +C4<010101>;
L_0x5595224f2fb0 .functor BUFZ 32, v0x5595224ef820_21, C4<00000000000000000000000000000000>, C4<00000000000000000000000000000000>, C4<00000000000000000000000000000000>;
S_0x5595224d4460 .scope generate, "genblk2[22]" "genblk2[22]" 3 30, 3 30 0, S_0x5595224bf440;
 .timescale 0 0;
P_0x5595224c2630 .param/l "c" 0 3 30, +C4<010110>;
L_0x5595224f3090 .functor BUFZ 32, v0x5595224ef820_22, C4<00000000000000000000000000000000>, C4<00000000000000000000000000000000>, C4<00000000000000000000000000000000>;
S_0x5595224d45f0 .scope generate, "genblk2[23]" "genblk2[23]" 3 30, 3 30 0, S_0x5595224bf440;
 .timescale 0 0;
P_0x5595224c2d60 .param/l "c" 0 3 30, +C4<010111>;
L_0x5595224f3170 .functor BUFZ 32, v0x5595224ef820_23, C4<00000000000000000000000000000000>, C4<00000000000000000000000000000000>, C4<00000000000000000000000000000000>;
S_0x5595224d4780 .scope generate, "genblk2[24]" "genblk2[24]" 3 30, 3 30 0, S_0x5595224bf440;
 .timescale 0 0;
P_0x5595224c3490 .param/l "c" 0 3 30, +C4<011000>;
L_0x5595224f3250 .functor BUFZ 32, v0x5595224ef820_24, C4<00000000000000000000000000000000>, C4<00000000000000000000000000000000>, C4<00000000000000000000000000000000>;
S_0x5595224d4910 .scope generate, "genblk2[25]" "genblk2[25]" 3 30, 3 30 0, S_0x5595224bf440;
 .timescale 0 0;
P_0x5595224c3bc0 .param/l "c" 0 3 30, +C4<011001>;
L_0x5595224f3330 .functor BUFZ 32, v0x5595224ef820_25, C4<00000000000000000000000000000000>, C4<00000000000000000000000000000000>, C4<00000000000000000000000000000000>;
S_0x5595224d4aa0 .scope generate, "genblk2[26]" "genblk2[26]" 3 30, 3 30 0, S_0x5595224bf440;
 .timescale 0 0;
P_0x5595224c42f0 .param/l "c" 0 3 30, +C4<011010>;
L_0x5595224f3410 .functor BUFZ 32, v0x5595224ef820_26, C4<00000000000000000000000000000000>, C4<00000000000000000000000000000000>, C4<00000000000000000000000000000000>;
S_0x5595224d4c30 .scope generate, "genblk2[27]" "genblk2[27]" 3 30, 3 30 0, S_0x5595224bf440;
 .timescale 0 0;
P_0x5595224c4a20 .param/l "c" 0 3 30, +C4<011011>;
L_0x5595224f34f0 .functor BUFZ 32, v0x5595224ef820_27, C4<00000000000000000000000000000000>, C4<00000000000000000000000000000000>, C4<00000000000000000000000000000000>;
S_0x5595224d4dc0 .scope generate, "genblk2[28]" "genblk2[28]" 3 30, 3 30 0, S_0x5595224bf440;
 .timescale 0 0;
P_0x5595224c5150 .param/l "c" 0 3 30, +C4<011100>;
L_0x5595224f35d0 .functor BUFZ 32, v0x5595224ef820_28, C4<00000000000000000000000000000000>, C4<00000000000000000000000000000000>, C4<00000000000000000000000000000000>;
S_0x5595224d4f50 .scope generate, "genblk2[29]" "genblk2[29]" 3 30, 3 30 0, S_0x5595224bf440;
 .timescale 0 0;
P_0x5595224c5880 .param/l "c" 0 3 30, +C4<011101>;
L_0x5595224f36b0 .functor BUFZ 32, v0x5595224ef820_29, C4<00000000000000000000000000000000>, C4<00000000000000000000000000000000>, C4<00000000000000000000000000000000>;
S_0x5595224d50e0 .scope generate, "genblk2[30]" "genblk2[30]" 3 30, 3 30 0, S_0x5595224bf440;
 .timescale 0 0;
P_0x5595224c5fb0 .param/l "c" 0 3 30, +C4<011110>;
L_0x5595224f3790 .functor BUFZ 32, v0x5595224ef820_30, C4<00000000000000000000000000000000>, C4<00000000000000000000000000000000>, C4<00000000000000000000000000000000>;
S_0x5595224d5270 .scope generate, "genblk2[31]" "genblk2[31]" 3 30, 3 30 0, S_0x5595224bf440;
 .timescale 0 0;
P_0x5595224c66e0 .param/l "c" 0 3 30, +C4<011111>;
L_0x5595224f3870 .functor BUFZ 32, v0x5595224ef820_31, C4<00000000000000000000000000000000>, C4<00000000000000000000000000000000>, C4<00000000000000000000000000000000>;
    .scope S_0x5595224bf440;
T_0 ;
    %wait E_0x5595224863e0;
    %load/vec4 v0x5595224f03c0_0;
    %flag_set/vec4 8;
    %jmp/0xz  T_0.0, 8;
    %pushi/vec4 0, 0, 32;
    %store/vec4 v0x5595224cd760_0, 0, 32;
T_0.2 ;
    %load/vec4 v0x5595224cd760_0;
    %cmpi/s 32, 0, 32;
    %jmp/0xz T_0.3, 5;
    %pushi/vec4 0, 0, 32;
    %ix/getv/s 3, v0x5595224cd760_0;
    %ix/load 4, 0, 0; Constant delay
    %assign/vec4/a/d v0x5595224ef820, 0, 4;
    ; show_stmt_assign_vector: Get l-value for compressed += operand
    %load/vec4 v0x5595224cd760_0;
    %pushi/vec4 1, 0, 32;
    %add;
    %store/vec4 v0x5595224cd760_0, 0, 32;
    %jmp T_0.2;
T_0.3 ;
    %pushi/vec4 0, 0, 32;
    %assign/vec4 v0x5595224ef170_0, 0;
T_0.0 ;
    %jmp T_0;
    .thread T_0;
# The file index is used to find the file name in the following table.
:file_names 4;
    "N/A";
    "<interactive>";
    "-";
    "/home/vrbkam/school/crabriscv/hdl/crabcore.sv";
