#! /usr/bin/vvp
:ivl_version "11.0 (stable)" "(v11_0)";
:ivl_delay_selection "TYPICAL";
:vpi_time_precision + 0;
:vpi_module "/usr/lib/ivl/system.vpi";
:vpi_module "/usr/lib/ivl/vhdl_sys.vpi";
:vpi_module "/usr/lib/ivl/vhdl_textio.vpi";
:vpi_module "/usr/lib/ivl/v2005_math.vpi";
:vpi_module "/usr/lib/ivl/va_math.vpi";
:vpi_module "/usr/lib/ivl/v2009.vpi";
S_0x559751522fb0 .scope package, "$unit" "$unit" 2 1;
 .timescale 0 0;
S_0x55975151fc10 .scope module, "membus" "membus" 3 1;
 .timescale 0 0;
v0x559751551760_0 .var "clk", 0 0;
v0x559751551820_0 .net "mem_addr", 31 0, v0x55975152e690_0;  1 drivers
v0x5597515518c0_0 .net "mem_addr_valid", 0 0, v0x55975152edc0_0;  1 drivers
v0x559751551960_0 .net "mem_data_write", 31 0, v0x55975152f4f0_0;  1 drivers
v0x559751551a00_0 .net "mem_data_write_valid", 0 0, v0x55975152fc20_0;  1 drivers
v0x559751551af0_0 .var "mem_input", 31 0;
v0x559751551b90_0 .var "mem_ready", 0 0;
v0x559751551c30 .array "memory", 0 4096, 31 0;
v0x559751551cd0_0 .var "reset", 0 0;
S_0x559751520370 .scope module, "core1" "crabcore" 3 18, 4 1 0, S_0x55975151fc10;
 .timescale 0 0;
    .port_info 0 /INPUT 1 "clk";
    .port_info 1 /INPUT 1 "reset";
    .port_info 2 /OUTPUT 1 "mem_addr_valid";
    .port_info 3 /OUTPUT 32 "mem_addr";
    .port_info 4 /OUTPUT 1 "mem_data_valid";
    .port_info 5 /OUTPUT 32 "mem_data";
    .port_info 6 /INPUT 1 "mem_ready";
    .port_info 7 /INPUT 32 "mem_input";
    .port_info 8 /OUTPUT 1024 "registers_debug";
v0x55975152d830_0 .net "clk", 0 0, v0x559751551760_0;  1 drivers
v0x55975152df60_0 .var/i "i", 31 0;
v0x55975152e690_0 .var "mem_addr", 31 0;
v0x55975152edc0_0 .var "mem_addr_valid", 0 0;
v0x55975152f4f0_0 .var "mem_data", 31 0;
v0x55975152fc20_0 .var "mem_data_valid", 0 0;
v0x559751530350_0 .net "mem_input", 31 0, v0x559751551af0_0;  1 drivers
v0x559751550380_0 .net "mem_ready", 0 0, v0x559751551b90_0;  1 drivers
v0x559751550440_0 .var "program_counter", 31 0;
L_0x7f22cf4b1018 .functor BUFT 1, C4<00000000000000000000000000000000>, C4<0>, C4<0>, C4<0>;
v0x559751550520 .array "register_out", 0 31;
v0x559751550520_0 .net v0x559751550520 0, 31 0, L_0x7f22cf4b1018; 1 drivers
v0x5597515509e0_1 .array/port v0x5597515509e0, 1;
v0x559751550520_1 .net v0x559751550520 1, 31 0, v0x5597515509e0_1; 1 drivers
v0x5597515509e0_2 .array/port v0x5597515509e0, 2;
v0x559751550520_2 .net v0x559751550520 2, 31 0, v0x5597515509e0_2; 1 drivers
v0x5597515509e0_3 .array/port v0x5597515509e0, 3;
v0x559751550520_3 .net v0x559751550520 3, 31 0, v0x5597515509e0_3; 1 drivers
v0x5597515509e0_4 .array/port v0x5597515509e0, 4;
v0x559751550520_4 .net v0x559751550520 4, 31 0, v0x5597515509e0_4; 1 drivers
v0x5597515509e0_5 .array/port v0x5597515509e0, 5;
v0x559751550520_5 .net v0x559751550520 5, 31 0, v0x5597515509e0_5; 1 drivers
v0x5597515509e0_6 .array/port v0x5597515509e0, 6;
v0x559751550520_6 .net v0x559751550520 6, 31 0, v0x5597515509e0_6; 1 drivers
v0x5597515509e0_7 .array/port v0x5597515509e0, 7;
v0x559751550520_7 .net v0x559751550520 7, 31 0, v0x5597515509e0_7; 1 drivers
v0x5597515509e0_8 .array/port v0x5597515509e0, 8;
v0x559751550520_8 .net v0x559751550520 8, 31 0, v0x5597515509e0_8; 1 drivers
v0x5597515509e0_9 .array/port v0x5597515509e0, 9;
v0x559751550520_9 .net v0x559751550520 9, 31 0, v0x5597515509e0_9; 1 drivers
v0x5597515509e0_10 .array/port v0x5597515509e0, 10;
v0x559751550520_10 .net v0x559751550520 10, 31 0, v0x5597515509e0_10; 1 drivers
v0x5597515509e0_11 .array/port v0x5597515509e0, 11;
v0x559751550520_11 .net v0x559751550520 11, 31 0, v0x5597515509e0_11; 1 drivers
v0x5597515509e0_12 .array/port v0x5597515509e0, 12;
v0x559751550520_12 .net v0x559751550520 12, 31 0, v0x5597515509e0_12; 1 drivers
v0x5597515509e0_13 .array/port v0x5597515509e0, 13;
v0x559751550520_13 .net v0x559751550520 13, 31 0, v0x5597515509e0_13; 1 drivers
v0x5597515509e0_14 .array/port v0x5597515509e0, 14;
v0x559751550520_14 .net v0x559751550520 14, 31 0, v0x5597515509e0_14; 1 drivers
v0x5597515509e0_15 .array/port v0x5597515509e0, 15;
v0x559751550520_15 .net v0x559751550520 15, 31 0, v0x5597515509e0_15; 1 drivers
v0x5597515509e0_16 .array/port v0x5597515509e0, 16;
v0x559751550520_16 .net v0x559751550520 16, 31 0, v0x5597515509e0_16; 1 drivers
v0x5597515509e0_17 .array/port v0x5597515509e0, 17;
v0x559751550520_17 .net v0x559751550520 17, 31 0, v0x5597515509e0_17; 1 drivers
v0x5597515509e0_18 .array/port v0x5597515509e0, 18;
v0x559751550520_18 .net v0x559751550520 18, 31 0, v0x5597515509e0_18; 1 drivers
v0x5597515509e0_19 .array/port v0x5597515509e0, 19;
v0x559751550520_19 .net v0x559751550520 19, 31 0, v0x5597515509e0_19; 1 drivers
v0x5597515509e0_20 .array/port v0x5597515509e0, 20;
v0x559751550520_20 .net v0x559751550520 20, 31 0, v0x5597515509e0_20; 1 drivers
v0x5597515509e0_21 .array/port v0x5597515509e0, 21;
v0x559751550520_21 .net v0x559751550520 21, 31 0, v0x5597515509e0_21; 1 drivers
v0x5597515509e0_22 .array/port v0x5597515509e0, 22;
v0x559751550520_22 .net v0x559751550520 22, 31 0, v0x5597515509e0_22; 1 drivers
v0x5597515509e0_23 .array/port v0x5597515509e0, 23;
v0x559751550520_23 .net v0x559751550520 23, 31 0, v0x5597515509e0_23; 1 drivers
v0x5597515509e0_24 .array/port v0x5597515509e0, 24;
v0x559751550520_24 .net v0x559751550520 24, 31 0, v0x5597515509e0_24; 1 drivers
v0x5597515509e0_25 .array/port v0x5597515509e0, 25;
v0x559751550520_25 .net v0x559751550520 25, 31 0, v0x5597515509e0_25; 1 drivers
v0x5597515509e0_26 .array/port v0x5597515509e0, 26;
v0x559751550520_26 .net v0x559751550520 26, 31 0, v0x5597515509e0_26; 1 drivers
v0x5597515509e0_27 .array/port v0x5597515509e0, 27;
v0x559751550520_27 .net v0x559751550520 27, 31 0, v0x5597515509e0_27; 1 drivers
v0x5597515509e0_28 .array/port v0x5597515509e0, 28;
v0x559751550520_28 .net v0x559751550520 28, 31 0, v0x5597515509e0_28; 1 drivers
v0x5597515509e0_29 .array/port v0x5597515509e0, 29;
v0x559751550520_29 .net v0x559751550520 29, 31 0, v0x5597515509e0_29; 1 drivers
v0x5597515509e0_30 .array/port v0x5597515509e0, 30;
v0x559751550520_30 .net v0x559751550520 30, 31 0, v0x5597515509e0_30; 1 drivers
v0x5597515509e0_31 .array/port v0x5597515509e0, 31;
v0x559751550520_31 .net v0x559751550520 31, 31 0, v0x5597515509e0_31; 1 drivers
v0x5597515509e0 .array "registers", 0 31, 31 0;
v0x559751550fb0 .array "registers_debug", 0 31;
v0x559751550fb0_0 .net v0x559751550fb0 0, 31 0, L_0x559751553760; 1 drivers
v0x559751550fb0_1 .net v0x559751550fb0 1, 31 0, L_0x559751553830; 1 drivers
v0x559751550fb0_2 .net v0x559751550fb0 2, 31 0, L_0x5597515538d0; 1 drivers
v0x559751550fb0_3 .net v0x559751550fb0 3, 31 0, L_0x559751553990; 1 drivers
v0x559751550fb0_4 .net v0x559751550fb0 4, 31 0, L_0x559751553a50; 1 drivers
v0x559751550fb0_5 .net v0x559751550fb0 5, 31 0, L_0x559751553b10; 1 drivers
v0x559751550fb0_6 .net v0x559751550fb0 6, 31 0, L_0x559751553bd0; 1 drivers
v0x559751550fb0_7 .net v0x559751550fb0 7, 31 0, L_0x559751553cb0; 1 drivers
v0x559751550fb0_8 .net v0x559751550fb0 8, 31 0, L_0x559751553d90; 1 drivers
v0x559751550fb0_9 .net v0x559751550fb0 9, 31 0, L_0x559751553e70; 1 drivers
v0x559751550fb0_10 .net v0x559751550fb0 10, 31 0, L_0x559751553f50; 1 drivers
v0x559751550fb0_11 .net v0x559751550fb0 11, 31 0, L_0x559751554030; 1 drivers
v0x559751550fb0_12 .net v0x559751550fb0 12, 31 0, L_0x559751554110; 1 drivers
v0x559751550fb0_13 .net v0x559751550fb0 13, 31 0, L_0x5597515541f0; 1 drivers
v0x559751550fb0_14 .net v0x559751550fb0 14, 31 0, L_0x5597515542d0; 1 drivers
v0x559751550fb0_15 .net v0x559751550fb0 15, 31 0, L_0x5597515543b0; 1 drivers
v0x559751550fb0_16 .net v0x559751550fb0 16, 31 0, L_0x559751554490; 1 drivers
v0x559751550fb0_17 .net v0x559751550fb0 17, 31 0, L_0x559751554570; 1 drivers
v0x559751550fb0_18 .net v0x559751550fb0 18, 31 0, L_0x559751554650; 1 drivers
v0x559751550fb0_19 .net v0x559751550fb0 19, 31 0, L_0x559751554730; 1 drivers
v0x559751550fb0_20 .net v0x559751550fb0 20, 31 0, L_0x559751554810; 1 drivers
v0x559751550fb0_21 .net v0x559751550fb0 21, 31 0, L_0x5597515548f0; 1 drivers
v0x559751550fb0_22 .net v0x559751550fb0 22, 31 0, L_0x5597515549d0; 1 drivers
v0x559751550fb0_23 .net v0x559751550fb0 23, 31 0, L_0x559751554ab0; 1 drivers
v0x559751550fb0_24 .net v0x559751550fb0 24, 31 0, L_0x559751554b90; 1 drivers
v0x559751550fb0_25 .net v0x559751550fb0 25, 31 0, L_0x559751554c70; 1 drivers
v0x559751550fb0_26 .net v0x559751550fb0 26, 31 0, L_0x559751554d50; 1 drivers
v0x559751550fb0_27 .net v0x559751550fb0 27, 31 0, L_0x559751554e30; 1 drivers
v0x559751550fb0_28 .net v0x559751550fb0 28, 31 0, L_0x559751554f10; 1 drivers
v0x559751550fb0_29 .net v0x559751550fb0 29, 31 0, L_0x559751554ff0; 1 drivers
v0x559751550fb0_30 .net v0x559751550fb0 30, 31 0, L_0x5597515550d0; 1 drivers
v0x559751550fb0_31 .net v0x559751550fb0 31, 31 0, L_0x5597515551b0; 1 drivers
v0x559751551580_0 .net "reset", 0 0, v0x559751551cd0_0;  1 drivers
E_0x55975150e180 .event posedge, v0x55975152d830_0;
S_0x559751520ad0 .scope generate, "genblk1[1]" "genblk1[1]" 4 24, 4 24 0, S_0x559751520370;
 .timescale 0 0;
P_0x559751522bb0 .param/l "c" 0 4 24, +C4<01>;
S_0x559751521230 .scope generate, "genblk1[2]" "genblk1[2]" 4 24, 4 24 0, S_0x559751520370;
 .timescale 0 0;
P_0x559751521590 .param/l "c" 0 4 24, +C4<010>;
S_0x559751521990 .scope generate, "genblk1[3]" "genblk1[3]" 4 24, 4 24 0, S_0x559751520370;
 .timescale 0 0;
P_0x55975151ff70 .param/l "c" 0 4 24, +C4<011>;
S_0x5597515220f0 .scope generate, "genblk1[4]" "genblk1[4]" 4 24, 4 24 0, S_0x559751520370;
 .timescale 0 0;
P_0x55975151e950 .param/l "c" 0 4 24, +C4<0100>;
S_0x559751522850 .scope generate, "genblk1[5]" "genblk1[5]" 4 24, 4 24 0, S_0x559751520370;
 .timescale 0 0;
P_0x55975151cbd0 .param/l "c" 0 4 24, +C4<0101>;
S_0x55975151f4b0 .scope generate, "genblk1[6]" "genblk1[6]" 4 24, 4 24 0, S_0x559751520370;
 .timescale 0 0;
P_0x55975151b5b0 .param/l "c" 0 4 24, +C4<0110>;
S_0x55975151c110 .scope generate, "genblk1[7]" "genblk1[7]" 4 24, 4 24 0, S_0x559751520370;
 .timescale 0 0;
P_0x559751519f90 .param/l "c" 0 4 24, +C4<0111>;
S_0x55975151c870 .scope generate, "genblk1[8]" "genblk1[8]" 4 24, 4 24 0, S_0x559751520370;
 .timescale 0 0;
P_0x559751518970 .param/l "c" 0 4 24, +C4<01000>;
S_0x55975151cfd0 .scope generate, "genblk1[9]" "genblk1[9]" 4 24, 4 24 0, S_0x559751520370;
 .timescale 0 0;
P_0x55975151d330 .param/l "c" 0 4 24, +C4<01001>;
S_0x55975151d730 .scope generate, "genblk1[10]" "genblk1[10]" 4 24, 4 24 0, S_0x559751520370;
 .timescale 0 0;
P_0x559751516640 .param/l "c" 0 4 24, +C4<01010>;
S_0x55975151de90 .scope generate, "genblk1[11]" "genblk1[11]" 4 24, 4 24 0, S_0x559751520370;
 .timescale 0 0;
P_0x5597514e4280 .param/l "c" 0 4 24, +C4<01011>;
S_0x55975151e5f0 .scope generate, "genblk1[12]" "genblk1[12]" 4 24, 4 24 0, S_0x559751520370;
 .timescale 0 0;
P_0x559751509d30 .param/l "c" 0 4 24, +C4<01100>;
S_0x55975151ed50 .scope generate, "genblk1[13]" "genblk1[13]" 4 24, 4 24 0, S_0x559751520370;
 .timescale 0 0;
P_0x55975150a140 .param/l "c" 0 4 24, +C4<01101>;
S_0x55975151b9b0 .scope generate, "genblk1[14]" "genblk1[14]" 4 24, 4 24 0, S_0x559751520370;
 .timescale 0 0;
P_0x55975150ba00 .param/l "c" 0 4 24, +C4<01110>;
S_0x559751518610 .scope generate, "genblk1[15]" "genblk1[15]" 4 24, 4 24 0, S_0x559751520370;
 .timescale 0 0;
P_0x55975150bf50 .param/l "c" 0 4 24, +C4<01111>;
S_0x559751518d70 .scope generate, "genblk1[16]" "genblk1[16]" 4 24, 4 24 0, S_0x559751520370;
 .timescale 0 0;
P_0x55975150d160 .param/l "c" 0 4 24, +C4<010000>;
S_0x5597515194d0 .scope generate, "genblk1[17]" "genblk1[17]" 4 24, 4 24 0, S_0x559751520370;
 .timescale 0 0;
P_0x55975152d100 .param/l "c" 0 4 24, +C4<010001>;
S_0x559751519c30 .scope generate, "genblk1[18]" "genblk1[18]" 4 24, 4 24 0, S_0x559751520370;
 .timescale 0 0;
P_0x55975152ca20 .param/l "c" 0 4 24, +C4<010010>;
S_0x55975151a390 .scope generate, "genblk1[19]" "genblk1[19]" 4 24, 4 24 0, S_0x559751520370;
 .timescale 0 0;
P_0x55975152bbc0 .param/l "c" 0 4 24, +C4<010011>;
S_0x55975151aaf0 .scope generate, "genblk1[20]" "genblk1[20]" 4 24, 4 24 0, S_0x559751520370;
 .timescale 0 0;
P_0x55975152ad60 .param/l "c" 0 4 24, +C4<010100>;
S_0x55975151b250 .scope generate, "genblk1[21]" "genblk1[21]" 4 24, 4 24 0, S_0x559751520370;
 .timescale 0 0;
P_0x559751529f00 .param/l "c" 0 4 24, +C4<010101>;
S_0x559751517eb0 .scope generate, "genblk1[22]" "genblk1[22]" 4 24, 4 24 0, S_0x559751520370;
 .timescale 0 0;
P_0x5597515290a0 .param/l "c" 0 4 24, +C4<010110>;
S_0x5597515162e0 .scope generate, "genblk1[23]" "genblk1[23]" 4 24, 4 24 0, S_0x559751520370;
 .timescale 0 0;
P_0x559751528240 .param/l "c" 0 4 24, +C4<010111>;
S_0x5597515169b0 .scope generate, "genblk1[24]" "genblk1[24]" 4 24, 4 24 0, S_0x559751520370;
 .timescale 0 0;
P_0x5597515273e0 .param/l "c" 0 4 24, +C4<011000>;
S_0x559751517080 .scope generate, "genblk1[25]" "genblk1[25]" 4 24, 4 24 0, S_0x559751520370;
 .timescale 0 0;
P_0x559751526580 .param/l "c" 0 4 24, +C4<011001>;
S_0x559751517750 .scope generate, "genblk1[26]" "genblk1[26]" 4 24, 4 24 0, S_0x559751520370;
 .timescale 0 0;
P_0x559751525720 .param/l "c" 0 4 24, +C4<011010>;
S_0x5597515089d0 .scope generate, "genblk1[27]" "genblk1[27]" 4 24, 4 24 0, S_0x559751520370;
 .timescale 0 0;
P_0x559751508bb0 .param/l "c" 0 4 24, +C4<011011>;
S_0x559751508c90 .scope generate, "genblk1[28]" "genblk1[28]" 4 24, 4 24 0, S_0x559751520370;
 .timescale 0 0;
P_0x559751524870 .param/l "c" 0 4 24, +C4<011100>;
S_0x55975150b380 .scope generate, "genblk1[29]" "genblk1[29]" 4 24, 4 24 0, S_0x559751520370;
 .timescale 0 0;
P_0x55975150b560 .param/l "c" 0 4 24, +C4<011101>;
S_0x55975150b640 .scope generate, "genblk1[30]" "genblk1[30]" 4 24, 4 24 0, S_0x559751520370;
 .timescale 0 0;
P_0x559751524140 .param/l "c" 0 4 24, +C4<011110>;
S_0x559751533710 .scope generate, "genblk1[31]" "genblk1[31]" 4 24, 4 24 0, S_0x559751520370;
 .timescale 0 0;
P_0x559751523a60 .param/l "c" 0 4 24, +C4<011111>;
S_0x5597515338a0 .scope generate, "genblk2[0]" "genblk2[0]" 4 29, 4 29 0, S_0x559751520370;
 .timescale 0 0;
P_0x559751516890 .param/l "c" 0 4 29, +C4<00>;
L_0x559751553760 .functor BUFZ 32, L_0x7f22cf4b1018, C4<00000000000000000000000000000000>, C4<00000000000000000000000000000000>, C4<00000000000000000000000000000000>;
S_0x559751533a30 .scope generate, "genblk2[1]" "genblk2[1]" 4 29, 4 29 0, S_0x559751520370;
 .timescale 0 0;
P_0x559751516f80 .param/l "c" 0 4 29, +C4<01>;
L_0x559751553830 .functor BUFZ 32, v0x5597515509e0_1, C4<00000000000000000000000000000000>, C4<00000000000000000000000000000000>, C4<00000000000000000000000000000000>;
S_0x559751533dd0 .scope generate, "genblk2[2]" "genblk2[2]" 4 29, 4 29 0, S_0x559751520370;
 .timescale 0 0;
P_0x559751517650 .param/l "c" 0 4 29, +C4<010>;
L_0x5597515538d0 .functor BUFZ 32, v0x5597515509e0_2, C4<00000000000000000000000000000000>, C4<00000000000000000000000000000000>, C4<00000000000000000000000000000000>;
S_0x559751533f60 .scope generate, "genblk2[3]" "genblk2[3]" 4 29, 4 29 0, S_0x559751520370;
 .timescale 0 0;
P_0x559751517d20 .param/l "c" 0 4 29, +C4<011>;
L_0x559751553990 .functor BUFZ 32, v0x5597515509e0_3, C4<00000000000000000000000000000000>, C4<00000000000000000000000000000000>, C4<00000000000000000000000000000000>;
S_0x5597515340f0 .scope generate, "genblk2[4]" "genblk2[4]" 4 29, 4 29 0, S_0x559751520370;
 .timescale 0 0;
P_0x559751518480 .param/l "c" 0 4 29, +C4<0100>;
L_0x559751553a50 .functor BUFZ 32, v0x5597515509e0_4, C4<00000000000000000000000000000000>, C4<00000000000000000000000000000000>, C4<00000000000000000000000000000000>;
S_0x559751534280 .scope generate, "genblk2[5]" "genblk2[5]" 4 29, 4 29 0, S_0x559751520370;
 .timescale 0 0;
P_0x559751518be0 .param/l "c" 0 4 29, +C4<0101>;
L_0x559751553b10 .functor BUFZ 32, v0x5597515509e0_5, C4<00000000000000000000000000000000>, C4<00000000000000000000000000000000>, C4<00000000000000000000000000000000>;
S_0x559751534410 .scope generate, "genblk2[6]" "genblk2[6]" 4 29, 4 29 0, S_0x559751520370;
 .timescale 0 0;
P_0x559751519340 .param/l "c" 0 4 29, +C4<0110>;
L_0x559751553bd0 .functor BUFZ 32, v0x5597515509e0_6, C4<00000000000000000000000000000000>, C4<00000000000000000000000000000000>, C4<00000000000000000000000000000000>;
S_0x5597515345a0 .scope generate, "genblk2[7]" "genblk2[7]" 4 29, 4 29 0, S_0x559751520370;
 .timescale 0 0;
P_0x559751519aa0 .param/l "c" 0 4 29, +C4<0111>;
L_0x559751553cb0 .functor BUFZ 32, v0x5597515509e0_7, C4<00000000000000000000000000000000>, C4<00000000000000000000000000000000>, C4<00000000000000000000000000000000>;
S_0x559751534730 .scope generate, "genblk2[8]" "genblk2[8]" 4 29, 4 29 0, S_0x559751520370;
 .timescale 0 0;
P_0x55975151a200 .param/l "c" 0 4 29, +C4<01000>;
L_0x559751553d90 .functor BUFZ 32, v0x5597515509e0_8, C4<00000000000000000000000000000000>, C4<00000000000000000000000000000000>, C4<00000000000000000000000000000000>;
S_0x5597515348c0 .scope generate, "genblk2[9]" "genblk2[9]" 4 29, 4 29 0, S_0x559751520370;
 .timescale 0 0;
P_0x55975151a960 .param/l "c" 0 4 29, +C4<01001>;
L_0x559751553e70 .functor BUFZ 32, v0x5597515509e0_9, C4<00000000000000000000000000000000>, C4<00000000000000000000000000000000>, C4<00000000000000000000000000000000>;
S_0x559751534a50 .scope generate, "genblk2[10]" "genblk2[10]" 4 29, 4 29 0, S_0x559751520370;
 .timescale 0 0;
P_0x55975151b0a0 .param/l "c" 0 4 29, +C4<01010>;
L_0x559751553f50 .functor BUFZ 32, v0x5597515509e0_10, C4<00000000000000000000000000000000>, C4<00000000000000000000000000000000>, C4<00000000000000000000000000000000>;
S_0x559751534be0 .scope generate, "genblk2[11]" "genblk2[11]" 4 29, 4 29 0, S_0x559751520370;
 .timescale 0 0;
P_0x55975151b800 .param/l "c" 0 4 29, +C4<01011>;
L_0x559751554030 .functor BUFZ 32, v0x5597515509e0_11, C4<00000000000000000000000000000000>, C4<00000000000000000000000000000000>, C4<00000000000000000000000000000000>;
S_0x559751534d70 .scope generate, "genblk2[12]" "genblk2[12]" 4 29, 4 29 0, S_0x559751520370;
 .timescale 0 0;
P_0x55975151bf60 .param/l "c" 0 4 29, +C4<01100>;
L_0x559751554110 .functor BUFZ 32, v0x5597515509e0_12, C4<00000000000000000000000000000000>, C4<00000000000000000000000000000000>, C4<00000000000000000000000000000000>;
S_0x559751534f00 .scope generate, "genblk2[13]" "genblk2[13]" 4 29, 4 29 0, S_0x559751520370;
 .timescale 0 0;
P_0x55975151c6c0 .param/l "c" 0 4 29, +C4<01101>;
L_0x5597515541f0 .functor BUFZ 32, v0x5597515509e0_13, C4<00000000000000000000000000000000>, C4<00000000000000000000000000000000>, C4<00000000000000000000000000000000>;
S_0x559751535090 .scope generate, "genblk2[14]" "genblk2[14]" 4 29, 4 29 0, S_0x559751520370;
 .timescale 0 0;
P_0x55975151ce20 .param/l "c" 0 4 29, +C4<01110>;
L_0x5597515542d0 .functor BUFZ 32, v0x5597515509e0_14, C4<00000000000000000000000000000000>, C4<00000000000000000000000000000000>, C4<00000000000000000000000000000000>;
S_0x559751535220 .scope generate, "genblk2[15]" "genblk2[15]" 4 29, 4 29 0, S_0x559751520370;
 .timescale 0 0;
P_0x55975151d580 .param/l "c" 0 4 29, +C4<01111>;
L_0x5597515543b0 .functor BUFZ 32, v0x5597515509e0_15, C4<00000000000000000000000000000000>, C4<00000000000000000000000000000000>, C4<00000000000000000000000000000000>;
S_0x5597515353b0 .scope generate, "genblk2[16]" "genblk2[16]" 4 29, 4 29 0, S_0x559751520370;
 .timescale 0 0;
P_0x55975151dce0 .param/l "c" 0 4 29, +C4<010000>;
L_0x559751554490 .functor BUFZ 32, v0x5597515509e0_16, C4<00000000000000000000000000000000>, C4<00000000000000000000000000000000>, C4<00000000000000000000000000000000>;
S_0x559751535540 .scope generate, "genblk2[17]" "genblk2[17]" 4 29, 4 29 0, S_0x559751520370;
 .timescale 0 0;
P_0x55975151e440 .param/l "c" 0 4 29, +C4<010001>;
L_0x559751554570 .functor BUFZ 32, v0x5597515509e0_17, C4<00000000000000000000000000000000>, C4<00000000000000000000000000000000>, C4<00000000000000000000000000000000>;
S_0x5597515356d0 .scope generate, "genblk2[18]" "genblk2[18]" 4 29, 4 29 0, S_0x559751520370;
 .timescale 0 0;
P_0x55975151eba0 .param/l "c" 0 4 29, +C4<010010>;
L_0x559751554650 .functor BUFZ 32, v0x5597515509e0_18, C4<00000000000000000000000000000000>, C4<00000000000000000000000000000000>, C4<00000000000000000000000000000000>;
S_0x559751535860 .scope generate, "genblk2[19]" "genblk2[19]" 4 29, 4 29 0, S_0x559751520370;
 .timescale 0 0;
P_0x55975151f300 .param/l "c" 0 4 29, +C4<010011>;
L_0x559751554730 .functor BUFZ 32, v0x5597515509e0_19, C4<00000000000000000000000000000000>, C4<00000000000000000000000000000000>, C4<00000000000000000000000000000000>;
S_0x5597515359f0 .scope generate, "genblk2[20]" "genblk2[20]" 4 29, 4 29 0, S_0x559751520370;
 .timescale 0 0;
P_0x55975151fa60 .param/l "c" 0 4 29, +C4<010100>;
L_0x559751554810 .functor BUFZ 32, v0x5597515509e0_20, C4<00000000000000000000000000000000>, C4<00000000000000000000000000000000>, C4<00000000000000000000000000000000>;
S_0x559751535b80 .scope generate, "genblk2[21]" "genblk2[21]" 4 29, 4 29 0, S_0x559751520370;
 .timescale 0 0;
P_0x5597515201c0 .param/l "c" 0 4 29, +C4<010101>;
L_0x5597515548f0 .functor BUFZ 32, v0x5597515509e0_21, C4<00000000000000000000000000000000>, C4<00000000000000000000000000000000>, C4<00000000000000000000000000000000>;
S_0x559751535d10 .scope generate, "genblk2[22]" "genblk2[22]" 4 29, 4 29 0, S_0x559751520370;
 .timescale 0 0;
P_0x559751520920 .param/l "c" 0 4 29, +C4<010110>;
L_0x5597515549d0 .functor BUFZ 32, v0x5597515509e0_22, C4<00000000000000000000000000000000>, C4<00000000000000000000000000000000>, C4<00000000000000000000000000000000>;
S_0x559751535ea0 .scope generate, "genblk2[23]" "genblk2[23]" 4 29, 4 29 0, S_0x559751520370;
 .timescale 0 0;
P_0x559751521080 .param/l "c" 0 4 29, +C4<010111>;
L_0x559751554ab0 .functor BUFZ 32, v0x5597515509e0_23, C4<00000000000000000000000000000000>, C4<00000000000000000000000000000000>, C4<00000000000000000000000000000000>;
S_0x559751536030 .scope generate, "genblk2[24]" "genblk2[24]" 4 29, 4 29 0, S_0x559751520370;
 .timescale 0 0;
P_0x5597515217e0 .param/l "c" 0 4 29, +C4<011000>;
L_0x559751554b90 .functor BUFZ 32, v0x5597515509e0_24, C4<00000000000000000000000000000000>, C4<00000000000000000000000000000000>, C4<00000000000000000000000000000000>;
S_0x5597515361c0 .scope generate, "genblk2[25]" "genblk2[25]" 4 29, 4 29 0, S_0x559751520370;
 .timescale 0 0;
P_0x559751521f40 .param/l "c" 0 4 29, +C4<011001>;
L_0x559751554c70 .functor BUFZ 32, v0x5597515509e0_25, C4<00000000000000000000000000000000>, C4<00000000000000000000000000000000>, C4<00000000000000000000000000000000>;
S_0x559751536350 .scope generate, "genblk2[26]" "genblk2[26]" 4 29, 4 29 0, S_0x559751520370;
 .timescale 0 0;
P_0x5597515226a0 .param/l "c" 0 4 29, +C4<011010>;
L_0x559751554d50 .functor BUFZ 32, v0x5597515509e0_26, C4<00000000000000000000000000000000>, C4<00000000000000000000000000000000>, C4<00000000000000000000000000000000>;
S_0x5597515364e0 .scope generate, "genblk2[27]" "genblk2[27]" 4 29, 4 29 0, S_0x559751520370;
 .timescale 0 0;
P_0x559751522e00 .param/l "c" 0 4 29, +C4<011011>;
L_0x559751554e30 .functor BUFZ 32, v0x5597515509e0_27, C4<00000000000000000000000000000000>, C4<00000000000000000000000000000000>, C4<00000000000000000000000000000000>;
S_0x559751536670 .scope generate, "genblk2[28]" "genblk2[28]" 4 29, 4 29 0, S_0x559751520370;
 .timescale 0 0;
P_0x559751523560 .param/l "c" 0 4 29, +C4<011100>;
L_0x559751554f10 .functor BUFZ 32, v0x5597515509e0_28, C4<00000000000000000000000000000000>, C4<00000000000000000000000000000000>, C4<00000000000000000000000000000000>;
S_0x559751536800 .scope generate, "genblk2[29]" "genblk2[29]" 4 29, 4 29 0, S_0x559751520370;
 .timescale 0 0;
P_0x559751523c90 .param/l "c" 0 4 29, +C4<011101>;
L_0x559751554ff0 .functor BUFZ 32, v0x5597515509e0_29, C4<00000000000000000000000000000000>, C4<00000000000000000000000000000000>, C4<00000000000000000000000000000000>;
S_0x559751536990 .scope generate, "genblk2[30]" "genblk2[30]" 4 29, 4 29 0, S_0x559751520370;
 .timescale 0 0;
P_0x5597515243c0 .param/l "c" 0 4 29, +C4<011110>;
L_0x5597515550d0 .functor BUFZ 32, v0x5597515509e0_30, C4<00000000000000000000000000000000>, C4<00000000000000000000000000000000>, C4<00000000000000000000000000000000>;
S_0x559751536b20 .scope generate, "genblk2[31]" "genblk2[31]" 4 29, 4 29 0, S_0x559751520370;
 .timescale 0 0;
P_0x559751524af0 .param/l "c" 0 4 29, +C4<011111>;
L_0x5597515551b0 .functor BUFZ 32, v0x5597515509e0_31, C4<00000000000000000000000000000000>, C4<00000000000000000000000000000000>, C4<00000000000000000000000000000000>;
    .scope S_0x559751520370;
T_0 ;
    %wait E_0x55975150e180;
    %load/vec4 v0x559751551580_0;
    %flag_set/vec4 8;
    %jmp/0xz  T_0.0, 8;
    %pushi/vec4 0, 0, 32;
    %store/vec4 v0x55975152df60_0, 0, 32;
T_0.2 ;
    %load/vec4 v0x55975152df60_0;
    %cmpi/s 32, 0, 32;
    %jmp/0xz T_0.3, 5;
    %pushi/vec4 0, 0, 32;
    %ix/getv/s 3, v0x55975152df60_0;
    %ix/load 4, 0, 0; Constant delay
    %assign/vec4/a/d v0x5597515509e0, 0, 4;
    ; show_stmt_assign_vector: Get l-value for compressed += operand
    %load/vec4 v0x55975152df60_0;
    %pushi/vec4 1, 0, 32;
    %add;
    %store/vec4 v0x55975152df60_0, 0, 32;
    %jmp T_0.2;
T_0.3 ;
    %pushi/vec4 0, 0, 32;
    %assign/vec4 v0x559751550440_0, 0;
T_0.0 ;
    %jmp T_0;
    .thread T_0;
    .scope S_0x55975151fc10;
T_1 ;
    %pushi/vec4 0, 0, 1;
    %store/vec4 v0x559751551760_0, 0, 1;
    %pushi/vec4 0, 0, 1;
    %store/vec4 v0x559751551cd0_0, 0, 1;
    %end;
    .thread T_1, $init;
    .scope S_0x55975151fc10;
T_2 ;
    %vpi_call/w 3 16 "$readmemh", "addi.txt", v0x559751551c30 {0 0 0};
    %end;
    .thread T_2;
    .scope S_0x55975151fc10;
T_3 ;
    %vpi_call/w 3 22 "$display", &A<v0x559751551c30, 0> {0 0 0};
    %end;
    .thread T_3;
# The file index is used to find the file name in the following table.
:file_names 5;
    "N/A";
    "<interactive>";
    "-";
    "membus.sv";
    "crabcore.sv";
